GET /api/products?page=1&size=30 200 110.150 ms - 136 {"user":{"id":"ff570050-01a1-11f0-9bc1-32adce0096f0","username":"sai min","phone1":"09899587877","email":"saimin@gmail.com","is_deleted":0,"role_id":"91e945da-0a45-11f0-9bc1-32adce0096f0","role":"Admin","iat":1750645333,"exp":1750648933}}
GET /api/product-categories?page=1&size=20 200 14.740 ms - 136 {"user":{"id":"ff570050-01a1-11f0-9bc1-32adce0096f0","username":"sai min","phone1":"09899587877","email":"saimin@gmail.com","is_deleted":0,"role_id":"91e945da-0a45-11f0-9bc1-32adce0096f0","role":"Admin","iat":1750645333,"exp":1750648933}}
POST /api/product-categories 200 21.456 ms - 175 {"name":"category one","user":{"id":"ff570050-01a1-11f0-9bc1-32adce0096f0","username":"sai min","phone1":"09899587877","email":"saimin@gmail.com","is_deleted":0,"role_id":"91e945da-0a45-11f0-9bc1-32adce0096f0","role":"Admin","iat":1750645333,"exp":1750648933}}
POST /api/products 200 14.440 ms - 239 {"name":"product 33","price":1000,"category_id":"a60501a9-c315-40b4-a46d-d50f7670328f","user":{"id":"ff570050-01a1-11f0-9bc1-32adce0096f0","username":"sai min","phone1":"09899587877","email":"saimin@gmail.com","is_deleted":0,"role_id":"91e945da-0a45-11f0-9bc1-32adce0096f0","role":"Admin","iat":1750645333,"exp":1750648933}}
GET /api/products?page=1&size=30 200 7.249 ms - 136 {"user":{"id":"ff570050-01a1-11f0-9bc1-32adce0096f0","username":"sai min","phone1":"09899587877","email":"saimin@gmail.com","is_deleted":0,"role_id":"91e945da-0a45-11f0-9bc1-32adce0096f0","role":"Admin","iat":1750645333,"exp":1750648933}}
GET /api/products?page=1&size=30 200 5.768 ms - 136 {"user":{"id":"ff570050-01a1-11f0-9bc1-32adce0096f0","username":"sai min","phone1":"09899587877","email":"saimin@gmail.com","is_deleted":0,"role_id":"91e945da-0a45-11f0-9bc1-32adce0096f0","role":"Admin","iat":1750645333,"exp":1750648933}}
GET /api/products?page=1&size=30 200 8.094 ms - 136 {"user":{"id":"ff570050-01a1-11f0-9bc1-32adce0096f0","username":"sai min","phone1":"09899587877","email":"saimin@gmail.com","is_deleted":0,"role_id":"91e945da-0a45-11f0-9bc1-32adce0096f0","role":"Admin","iat":1750645333,"exp":1750648933}}
GET /api/products?page=1&size=30 200 5.003 ms - 136 {"user":{"id":"ff570050-01a1-11f0-9bc1-32adce0096f0","username":"sai min","phone1":"09899587877","email":"saimin@gmail.com","is_deleted":0,"role_id":"91e945da-0a45-11f0-9bc1-32adce0096f0","role":"Admin","iat":1750645333,"exp":1750648933}}
GET /api/products?page=1&size=30 200 6.197 ms - 136 {"user":{"id":"ff570050-01a1-11f0-9bc1-32adce0096f0","username":"sai min","phone1":"09899587877","email":"saimin@gmail.com","is_deleted":0,"role_id":"91e945da-0a45-11f0-9bc1-32adce0096f0","role":"Admin","iat":1750645333,"exp":1750648933}}
POST /api/products 200 11.515 ms - 238 {"name":"product 1","price":1000,"category_id":"a60501a9-c315-40b4-a46d-d50f7670328f","user":{"id":"ff570050-01a1-11f0-9bc1-32adce0096f0","username":"sai min","phone1":"09899587877","email":"saimin@gmail.com","is_deleted":0,"role_id":"91e945da-0a45-11f0-9bc1-32adce0096f0","role":"Admin","iat":1750645333,"exp":1750648933}}
POST /api/products 400 13.914 ms - 56 {"name":"product 1","price":1000,"category_id":"a60501a9-c315-40b4-a46d-d50f7670328f","user":{"id":"ff570050-01a1-11f0-9bc1-32adce0096f0","username":"sai min","phone1":"09899587877","email":"saimin@gmail.com","is_deleted":0,"role_id":"91e945da-0a45-11f0-9bc1-32adce0096f0","role":"Admin","iat":1750645333,"exp":1750648933}}
GET /api/products?page=1&size=30 200 7.231 ms - 136 {"user":{"id":"ff570050-01a1-11f0-9bc1-32adce0096f0","username":"sai min","phone1":"09899587877","email":"saimin@gmail.com","is_deleted":0,"role_id":"91e945da-0a45-11f0-9bc1-32adce0096f0","role":"Admin","iat":1750645333,"exp":1750648933}}
GET /api/products?page=1&size=30 200 5.498 ms - 136 {"user":{"id":"ff570050-01a1-11f0-9bc1-32adce0096f0","username":"sai min","phone1":"09899587877","email":"saimin@gmail.com","is_deleted":0,"role_id":"91e945da-0a45-11f0-9bc1-32adce0096f0","role":"Admin","iat":1750645333,"exp":1750648933}}
GET /api/products?page=1&size=30 200 10.447 ms - 136 {"user":{"id":"ff570050-01a1-11f0-9bc1-32adce0096f0","username":"sai min","phone1":"09899587877","email":"saimin@gmail.com","is_deleted":0,"role_id":"91e945da-0a45-11f0-9bc1-32adce0096f0","role":"Admin","iat":1750645333,"exp":1750648933}}
GET /api/product-categories?page=1&size=20 200 6.871 ms - 136 {"user":{"id":"ff570050-01a1-11f0-9bc1-32adce0096f0","username":"sai min","phone1":"09899587877","email":"saimin@gmail.com","is_deleted":0,"role_id":"91e945da-0a45-11f0-9bc1-32adce0096f0","role":"Admin","iat":1750645333,"exp":1750648933}}
GET /api/product-categories?page=1&size=20 200 6.425 ms - 136 {"user":{"id":"ff570050-01a1-11f0-9bc1-32adce0096f0","username":"sai min","phone1":"09899587877","email":"saimin@gmail.com","is_deleted":0,"role_id":"91e945da-0a45-11f0-9bc1-32adce0096f0","role":"Admin","iat":1750645333,"exp":1750648933}}
GET /api/product-categories?page=1&size=20 200 6.381 ms - 136 {"user":{"id":"ff570050-01a1-11f0-9bc1-32adce0096f0","username":"sai min","phone1":"09899587877","email":"saimin@gmail.com","is_deleted":0,"role_id":"91e945da-0a45-11f0-9bc1-32adce0096f0","role":"Admin","iat":1750645333,"exp":1750648933}}
GET /api/product-categories?page=1&size=20 401 30.122 ms - 47 {}
POST /api/auth/login 200 171.744 ms - 3069 {"username":"sai min","password":"saimin"}
GET /api/products?page=1&size=30 200 9.179 ms - 136 {"user":{"id":"ff570050-01a1-11f0-9bc1-32adce0096f0","username":"sai min","phone1":"09899587877","email":"saimin@gmail.com","is_deleted":0,"role_id":"91e945da-0a45-11f0-9bc1-32adce0096f0","role":"Admin","iat":1750649137,"exp":1750652737}}
GET /api/products?page=1&size=30 200 8.291 ms - 136 {"user":{"id":"ff570050-01a1-11f0-9bc1-32adce0096f0","username":"sai min","phone1":"09899587877","email":"saimin@gmail.com","is_deleted":0,"role_id":"91e945da-0a45-11f0-9bc1-32adce0096f0","role":"Admin","iat":1750649137,"exp":1750652737}}
GET /api/products?page=1&size=30 200 35.392 ms - 136 {"user":{"id":"ff570050-01a1-11f0-9bc1-32adce0096f0","username":"sai min","phone1":"09899587877","email":"saimin@gmail.com","is_deleted":0,"role_id":"91e945da-0a45-11f0-9bc1-32adce0096f0","role":"Admin","iat":1750649137,"exp":1750652737}}
GET /api/products?page=0&size=30 200 20.213 ms - 480 {"user":{"id":"ff570050-01a1-11f0-9bc1-32adce0096f0","username":"sai min","phone1":"09899587877","email":"saimin@gmail.com","is_deleted":0,"role_id":"91e945da-0a45-11f0-9bc1-32adce0096f0","role":"Admin","iat":1750649137,"exp":1750652737}}
GET /api/products?page=0&size=30 200 63.530 ms - 480 {"user":{"id":"ff570050-01a1-11f0-9bc1-32adce0096f0","username":"sai min","phone1":"09899587877","email":"saimin@gmail.com","is_deleted":0,"role_id":"91e945da-0a45-11f0-9bc1-32adce0096f0","role":"Admin","iat":1750649137,"exp":1750652737}}
GET /api/products?page=0&size=1 200 13.065 ms - 306 {"user":{"id":"ff570050-01a1-11f0-9bc1-32adce0096f0","username":"sai min","phone1":"09899587877","email":"saimin@gmail.com","is_deleted":0,"role_id":"91e945da-0a45-11f0-9bc1-32adce0096f0","role":"Admin","iat":1750649137,"exp":1750652737}}
GET /api/products?page=0&size=2 200 9.759 ms - 479 {"user":{"id":"ff570050-01a1-11f0-9bc1-32adce0096f0","username":"sai min","phone1":"09899587877","email":"saimin@gmail.com","is_deleted":0,"role_id":"91e945da-0a45-11f0-9bc1-32adce0096f0","role":"Admin","iat":1750649137,"exp":1750652737}}
GET /api/products?page=0&size=1 200 9.399 ms - 306 {"user":{"id":"ff570050-01a1-11f0-9bc1-32adce0096f0","username":"sai min","phone1":"09899587877","email":"saimin@gmail.com","is_deleted":0,"role_id":"91e945da-0a45-11f0-9bc1-32adce0096f0","role":"Admin","iat":1750649137,"exp":1750652737}}
GET /api/products?page=1&size=1 200 6.472 ms - 307 {"user":{"id":"ff570050-01a1-11f0-9bc1-32adce0096f0","username":"sai min","phone1":"09899587877","email":"saimin@gmail.com","is_deleted":0,"role_id":"91e945da-0a45-11f0-9bc1-32adce0096f0","role":"Admin","iat":1750649137,"exp":1750652737}}
GET /api/products?page=0&size=1 200 6.604 ms - 306 {"user":{"id":"ff570050-01a1-11f0-9bc1-32adce0096f0","username":"sai min","phone1":"09899587877","email":"saimin@gmail.com","is_deleted":0,"role_id":"91e945da-0a45-11f0-9bc1-32adce0096f0","role":"Admin","iat":1750649137,"exp":1750652737}}
GET /api/products 400 13.822 ms - 56 {"user":{"id":"ff570050-01a1-11f0-9bc1-32adce0096f0","username":"sai min","phone1":"09899587877","email":"saimin@gmail.com","is_deleted":0,"role_id":"91e945da-0a45-11f0-9bc1-32adce0096f0","role":"Admin","iat":1750649137,"exp":1750652737}}
GET /api/products 200 20.606 ms - 460 {"user":{"id":"ff570050-01a1-11f0-9bc1-32adce0096f0","username":"sai min","phone1":"09899587877","email":"saimin@gmail.com","is_deleted":0,"role_id":"91e945da-0a45-11f0-9bc1-32adce0096f0","role":"Admin","iat":1750649137,"exp":1750652737}}
GET /api/products 200 16.214 ms - 460 {"user":{"id":"ff570050-01a1-11f0-9bc1-32adce0096f0","username":"sai min","phone1":"09899587877","email":"saimin@gmail.com","is_deleted":0,"role_id":"91e945da-0a45-11f0-9bc1-32adce0096f0","role":"Admin","iat":1750649137,"exp":1750652737}}
GET /api/products?page=1&size=30 200 11.829 ms - 136 {"user":{"id":"ff570050-01a1-11f0-9bc1-32adce0096f0","username":"sai min","phone1":"09899587877","email":"saimin@gmail.com","is_deleted":0,"role_id":"91e945da-0a45-11f0-9bc1-32adce0096f0","role":"Admin","iat":1750649137,"exp":1750652737}}
GET /api/products?page=1&size=1 200 8.814 ms - 307 {"user":{"id":"ff570050-01a1-11f0-9bc1-32adce0096f0","username":"sai min","phone1":"09899587877","email":"saimin@gmail.com","is_deleted":0,"role_id":"91e945da-0a45-11f0-9bc1-32adce0096f0","role":"Admin","iat":1750649137,"exp":1750652737}}
GET /api/products?page=1&size=2 200 5.414 ms - 135 {"user":{"id":"ff570050-01a1-11f0-9bc1-32adce0096f0","username":"sai min","phone1":"09899587877","email":"saimin@gmail.com","is_deleted":0,"role_id":"91e945da-0a45-11f0-9bc1-32adce0096f0","role":"Admin","iat":1750649137,"exp":1750652737}}
GET /api/products?page=1&size=1 200 6.676 ms - 307 {"user":{"id":"ff570050-01a1-11f0-9bc1-32adce0096f0","username":"sai min","phone1":"09899587877","email":"saimin@gmail.com","is_deleted":0,"role_id":"91e945da-0a45-11f0-9bc1-32adce0096f0","role":"Admin","iat":1750649137,"exp":1750652737}}
GET /api/products?page=1&size=10 200 6.804 ms - 136 {"user":{"id":"ff570050-01a1-11f0-9bc1-32adce0096f0","username":"sai min","phone1":"09899587877","email":"saimin@gmail.com","is_deleted":0,"role_id":"91e945da-0a45-11f0-9bc1-32adce0096f0","role":"Admin","iat":1750649137,"exp":1750652737}}
GET /api/products?page=0&size=10 200 11.478 ms - 480 {"user":{"id":"ff570050-01a1-11f0-9bc1-32adce0096f0","username":"sai min","phone1":"09899587877","email":"saimin@gmail.com","is_deleted":0,"role_id":"91e945da-0a45-11f0-9bc1-32adce0096f0","role":"Admin","iat":1750649137,"exp":1750652737}}
GET /api/products?page=0&size=10 200 32.063 ms - 480 {"user":{"id":"ff570050-01a1-11f0-9bc1-32adce0096f0","username":"sai min","phone1":"09899587877","email":"saimin@gmail.com","is_deleted":0,"role_id":"91e945da-0a45-11f0-9bc1-32adce0096f0","role":"Admin","iat":1750649137,"exp":1750652737}}
GET /api/products 200 21.697 ms - 457 {"user":{"id":"ff570050-01a1-11f0-9bc1-32adce0096f0","username":"sai min","phone1":"09899587877","email":"saimin@gmail.com","is_deleted":0,"role_id":"91e945da-0a45-11f0-9bc1-32adce0096f0","role":"Admin","iat":1750649137,"exp":1750652737}}
GET /api/products 200 22.739 ms - 457 {"user":{"id":"ff570050-01a1-11f0-9bc1-32adce0096f0","username":"sai min","phone1":"09899587877","email":"saimin@gmail.com","is_deleted":0,"role_id":"91e945da-0a45-11f0-9bc1-32adce0096f0","role":"Admin","iat":1750649137,"exp":1750652737}}
GET /api/products 200 10.938 ms - 457 {"user":{"id":"ff570050-01a1-11f0-9bc1-32adce0096f0","username":"sai min","phone1":"09899587877","email":"saimin@gmail.com","is_deleted":0,"role_id":"91e945da-0a45-11f0-9bc1-32adce0096f0","role":"Admin","iat":1750649137,"exp":1750652737}}
GET /api/products 200 11.316 ms - 457 {"user":{"id":"ff570050-01a1-11f0-9bc1-32adce0096f0","username":"sai min","phone1":"09899587877","email":"saimin@gmail.com","is_deleted":0,"role_id":"91e945da-0a45-11f0-9bc1-32adce0096f0","role":"Admin","iat":1750649137,"exp":1750652737}}
GET /api/products 200 26.377 ms - 451 {"user":{"id":"ff570050-01a1-11f0-9bc1-32adce0096f0","username":"sai min","phone1":"09899587877","email":"saimin@gmail.com","is_deleted":0,"role_id":"91e945da-0a45-11f0-9bc1-32adce0096f0","role":"Admin","iat":1750649137,"exp":1750652737}}
GET /api/products?page=0&size=30 200 25.383 ms - 474 {"user":{"id":"ff570050-01a1-11f0-9bc1-32adce0096f0","username":"sai min","phone1":"09899587877","email":"saimin@gmail.com","is_deleted":0,"role_id":"91e945da-0a45-11f0-9bc1-32adce0096f0","role":"Admin","iat":1750649137,"exp":1750652737}}
GET /api/product-categories?page=1&size=20 200 27.429 ms - 130 {"user":{"id":"ff570050-01a1-11f0-9bc1-32adce0096f0","username":"sai min","phone1":"09899587877","email":"saimin@gmail.com","is_deleted":0,"role_id":"91e945da-0a45-11f0-9bc1-32adce0096f0","role":"Admin","iat":1750649137,"exp":1750652737}}
GET /api/product-categories?page=0&size=20 200 15.592 ms - 212 {"user":{"id":"ff570050-01a1-11f0-9bc1-32adce0096f0","username":"sai min","phone1":"09899587877","email":"saimin@gmail.com","is_deleted":0,"role_id":"91e945da-0a45-11f0-9bc1-32adce0096f0","role":"Admin","iat":1750649137,"exp":1750652737}}
GET /api/product-categories 200 9.726 ms - 189 {"user":{"id":"ff570050-01a1-11f0-9bc1-32adce0096f0","username":"sai min","phone1":"09899587877","email":"saimin@gmail.com","is_deleted":0,"role_id":"91e945da-0a45-11f0-9bc1-32adce0096f0","role":"Admin","iat":1750649137,"exp":1750652737}}
GET /api/product-categories?page=0&size=2 200 5.887 ms - 211 {"user":{"id":"ff570050-01a1-11f0-9bc1-32adce0096f0","username":"sai min","phone1":"09899587877","email":"saimin@gmail.com","is_deleted":0,"role_id":"91e945da-0a45-11f0-9bc1-32adce0096f0","role":"Admin","iat":1750649137,"exp":1750652737}}
